\BOOKMARK [1][-]{section*.2}{List of Figures}{}% 1
\BOOKMARK [1][-]{section*.3}{List of Tables}{}% 2
\BOOKMARK [1][-]{section.1}{Introduction}{}% 3
\BOOKMARK [2][-]{subsection.1.1}{Features}{section.1}% 4
\BOOKMARK [2][-]{subsection.1.2}{Libraries Used}{section.1}% 5
\BOOKMARK [2][-]{subsection.1.3}{Market Research}{section.1}% 6
\BOOKMARK [2][-]{subsection.1.4}{Objective}{section.1}% 7
\BOOKMARK [2][-]{subsection.1.5}{Front End Development}{section.1}% 8
\BOOKMARK [3][-]{subsubsection.1.5.1}{Introduction}{subsection.1.5}% 9
\BOOKMARK [3][-]{subsubsection.1.5.2}{Home Page}{subsection.1.5}% 10
\BOOKMARK [1][-]{section.2}{Details of the Features}{}% 11
\BOOKMARK [2][-]{subsection.2.1}{Calculation of Orbital Elements}{section.2}% 12
\BOOKMARK [2][-]{subsection.2.2}{2D and 3D Orbits}{section.2}% 13
\BOOKMARK [2][-]{subsection.2.3}{Euler Angle}{section.2}% 14
\BOOKMARK [2][-]{subsection.2.4}{Sphere of Influence}{section.2}% 15
\BOOKMARK [2][-]{subsection.2.5}{Orbital Transfer}{section.2}% 16
\BOOKMARK [2][-]{subsection.2.6}{Calculation of Julian Day}{section.2}% 17
\BOOKMARK [2][-]{subsection.2.7}{Calculation of Parameters of the Orbit}{section.2}% 18
\BOOKMARK [2][-]{subsection.2.8}{Sensitivity Analysis}{section.2}% 19
\BOOKMARK [2][-]{subsection.2.9}{Position of One Spacecraft Relative To Another}{section.2}% 20
\BOOKMARK [2][-]{subsection.2.10}{Lagrangian Points}{section.2}% 21
\BOOKMARK [1][-]{section.3}{Database Management System}{}% 22
\BOOKMARK [2][-]{subsection.3.1}{Introduction}{section.3}% 23
\BOOKMARK [1][-]{section.4}{Conclusion}{}% 24
\BOOKMARK [1][-]{section.5}{Future Scope}{}% 25
\BOOKMARK [1][-]{appendix.A}{Code for the Features}{}% 26
\BOOKMARK [2][-]{subsection.A.1}{Calculation Of Orbital Elements}{appendix.A}% 27
\BOOKMARK [2][-]{subsection.A.2}{Euler Angles}{appendix.A}% 28
\BOOKMARK [2][-]{subsection.A.3}{Sphere of Influence}{appendix.A}% 29
\BOOKMARK [2][-]{subsection.A.4}{Calculation of Julian Day}{appendix.A}% 30
\BOOKMARK [2][-]{subsection.A.5}{Calculation of Various Parameters of the Orbit}{appendix.A}% 31
\BOOKMARK [2][-]{subsection.A.6}{Sensitivity Analysis}{appendix.A}% 32
\BOOKMARK [2][-]{subsection.A.7}{Lagrangian Points}{appendix.A}% 33
\BOOKMARK [2][-]{subsection.A.8}{CRUD File Operations}{appendix.A}% 34
\BOOKMARK [1][-]{appendix.A}{Database:}{}% 35
\BOOKMARK [1][-]{section*.22}{References}{}% 36
