\BOOKMARK [1][-]{section.1}{Introduction}{}% 1
\BOOKMARK [2][-]{subsection.1.1}{List of Features}{section.1}% 2
\BOOKMARK [2][-]{subsection.1.2}{Libraries Used}{section.1}% 3
\BOOKMARK [2][-]{subsection.1.3}{Market Research}{section.1}% 4
\BOOKMARK [2][-]{subsection.1.4}{Objective}{section.1}% 5
\BOOKMARK [2][-]{subsection.1.5}{Front End Development}{section.1}% 6
\BOOKMARK [3][-]{subsubsection.1.5.1}{Introduction}{subsection.1.5}% 7
\BOOKMARK [3][-]{subsubsection.1.5.2}{Home Page}{subsection.1.5}% 8
\BOOKMARK [1][-]{section.2}{Detailed Explanation of Each Feature}{}% 9
\BOOKMARK [2][-]{subsection.2.1}{Calculation of Orbital Elements}{section.2}% 10
\BOOKMARK [3][-]{subsubsection.2.1.1}{Algorithm}{subsection.2.1}% 11
\BOOKMARK [2][-]{subsection.2.2}{2D and 3D Orbits}{section.2}% 12
\BOOKMARK [2][-]{subsection.2.3}{Euler Angle}{section.2}% 13
\BOOKMARK [2][-]{subsection.2.4}{Sphere of Influence}{section.2}% 14
\BOOKMARK [2][-]{subsection.2.5}{Orbital Transfer}{section.2}% 15
\BOOKMARK [2][-]{subsection.2.6}{Calculation of Julian Day}{section.2}% 16
\BOOKMARK [2][-]{subsection.2.7}{Calculation of Parameters of the Orbit}{section.2}% 17
\BOOKMARK [2][-]{subsection.2.8}{Sensitivity Analysis}{section.2}% 18
\BOOKMARK [2][-]{subsection.2.9}{Position of One Spacecraft Relative To Another}{section.2}% 19
\BOOKMARK [2][-]{subsection.2.10}{Lagrangian Points}{section.2}% 20
\BOOKMARK [1][-]{section.3}{Database Management System}{}% 21
\BOOKMARK [2][-]{subsection.3.1}{Introduction}{section.3}% 22
\BOOKMARK [2][-]{subsection.3.2}{Scripts for performing CRUD Operation}{section.3}% 23
\BOOKMARK [1][-]{section.4}{Conclusion}{}% 24
\BOOKMARK [1][-]{section.5}{Future Scope}{}% 25
